#
# There is insufficient memory for the Java Runtime Environment to continue.
# Native memory allocation (mmap) failed to map 268435456 bytes for G1 virtual space
# Possible reasons:
#   The system is out of physical RAM or swap space
#   The process is running with CompressedOops enabled, and the Java Heap may be blocking the growth of the native heap
# Possible solutions:
#   Reduce memory load on the system
#   Increase physical memory or swap space
#   Check if swap backing store is full
#   Decrease Java heap size (-Xmx/-Xms)
#   Decrease number of Java threads
#   Decrease Java thread stack sizes (-Xss)
#   Set larger code cache with -XX:ReservedCodeCacheSize=
#   JVM is running with Zero Based Compressed Oops mode in which the Java heap is
#     placed in the first 32GB address space. The Java Heap base address is the
#     maximum limit for the native heap growth. Please use -XX:HeapBaseMinAddress
#     to set the Java Heap base and to place the Java Heap above 32GB virtual address.
# This output file may be truncated or incomplete.
#
#  Out of Memory Error (os_windows.cpp:3613), pid=13036, tid=4456
#
# JRE version:  (17.0.9+8) (build )
# Java VM: OpenJDK 64-Bit Server VM (17.0.9+8-LTS, mixed mode, sharing, tiered, compressed oops, compressed class ptrs, g1 gc, windows-amd64)
# No core dump will be written. Minidumps are not enabled by default on client versions of Windows
#

---------------  S U M M A R Y ------------

Command Line: -javaagent:E:\IntelliJ IDEA Community Edition 2023.2.5\lib\idea_rt.jar=53264:E:\IntelliJ IDEA Community Edition 2023.2.5\bin -Dfile.encoding=UTF-8 Application

Host: Intel(R) Core(TM) i5-3570 CPU @ 3.40GHz, 4 cores, 15G,  Windows 10 , 64 bit Build 19041 (10.0.19041.3636)
Time: Fri Mar 15 05:21:39 2024 Hora oficial do Brasil elapsed time: 0.019864 seconds (0d 0h 0m 0s)

---------------  T H R E A D  ---------------

Current thread (0x000001e542f1f440):  JavaThread "Unknown thread" [_thread_in_vm, id=4456, stack(0x000000dfd0e00000,0x000000dfd0f00000)]

Stack: [0x000000dfd0e00000,0x000000dfd0f00000]
Native frames: (J=compiled Java code, j=interpreted, Vv=VM code, C=native code)
V  [jvm.dll+0x67cb49]
V  [jvm.dll+0x8344da]
V  [jvm.dll+0x835f9e]
V  [jvm.dll+0x836603]
V  [jvm.dll+0x247b5f]
V  [jvm.dll+0x679969]
V  [jvm.dll+0x66e2ba]
V  [jvm.dll+0x307a5b]
V  [jvm.dll+0x30ef06]
V  [jvm.dll+0x35ecee]
V  [jvm.dll+0x35ef1f]
V  [jvm.dll+0x2de658]
V  [jvm.dll+0x2df5c4]
V  [jvm.dll+0x805d51]
V  [jvm.dll+0x36cb51]
V  [jvm.dll+0x7e47dc]
V  [jvm.dll+0x3f03cf]
V  [jvm.dll+0x3f2001]
C  [jli.dll+0x528f]
C  [ucrtbase.dll+0x21bb2]
C  [KERNEL32.DLL+0x17344]
C  [ntdll.dll+0x526b1]


---------------  P R O C E S S  ---------------

Threads class SMR info:
_java_thread_list=0x00007ff901acee98, length=0, elements={
}

Java Threads: ( => current thread )

Other Threads:
  0x000001e542f896f0 GCTaskThread "GC Thread#0" [stack: 0x000000dfd0f00000,0x000000dfd1000000] [id=760]
  0x000001e542f9b5a0 ConcurrentGCThread "G1 Main Marker" [stack: 0x000000dfd1000000,0x000000dfd1100000] [id=3048]
  0x000001e542f9bfc0 ConcurrentGCThread "G1 Conc#0" [stack: 0x000000dfd1100000,0x000000dfd1200000] [id=11712]

[error occurred during error reporting (printing all threads), id 0xc0000005, EXCEPTION_ACCESS_VIOLATION (0xc0000005) at pc=0x00007ff90128f097]

VM state: not at safepoint (not fully initialized)

VM Mutex/Monitor currently owned by a thread:  ([mutex/lock_event])
[0x000001e542f1a0b0] Heap_lock - owner thread: 0x000001e542f1f440

Heap address: 0x0000000700a00000, size: 4086 MB, Compressed Oops mode: Zero based, Oop shift amount: 3

CDS archive(s) mapped at: [0x0000000000000000-0x0000000000000000-0x0000000000000000), size 0, SharedBaseAddress: 0x0000000800000000, ArchiveRelocationMode: 1.
Narrow klass base: 0x0000000000000000, Narrow klass shift: 0, Narrow klass range: 0x0

GC Precious Log:
<Empty>

Heap:
 garbage-first heap   total 0K, used 0K [0x0000000700a00000, 0x0000000800000000)
  region size 2048K, 0 young (0K), 0 survivors (0K)

[error occurred during error reporting (printing heap information), id 0xc0000005, EXCEPTION_ACCESS_VIOLATION (0xc0000005) at pc=0x00007ff9016768f9]

GC Heap History (0 events):
No events

Dll operation events (1 events):
Event: 0.012 Loaded shared library C:\Users\DELL\.jdks\corretto-17.0.9\bin\java.dll

Deoptimization events (0 events):
No events

Classes unloaded (0 events):
No events

Classes redefined (0 events):
No events

Internal exceptions (0 events):
No events

VM Operations (0 events):
No events

Events (0 events):
No events


Dynamic libraries:
0x00007ff7ed0f0000 - 0x00007ff7ed0fe000 	C:\Users\DELL\.jdks\corretto-17.0.9\bin\java.exe
0x00007ff925830000 - 0x00007ff925a28000 	C:\Windows\SYSTEM32\ntdll.dll
0x00007ff9255c0000 - 0x00007ff92567d000 	C:\Windows\System32\KERNEL32.DLL
0x00007ff923070000 - 0x00007ff923366000 	C:\Windows\System32\KERNELBASE.dll
0x00007ff9234c0000 - 0x00007ff9235c0000 	C:\Windows\System32\ucrtbase.dll
0x00007ff91e9c0000 - 0x00007ff91e9db000 	C:\Users\DELL\.jdks\corretto-17.0.9\bin\VCRUNTIME140.dll
0x00007ff91e9a0000 - 0x00007ff91e9b7000 	C:\Users\DELL\.jdks\corretto-17.0.9\bin\jli.dll
0x00007ff924f90000 - 0x00007ff92512e000 	C:\Windows\System32\USER32.dll
0x00007ff923040000 - 0x00007ff923062000 	C:\Windows\System32\win32u.dll
0x00007ff91b680000 - 0x00007ff91b91a000 	C:\Windows\WinSxS\amd64_microsoft.windows.common-controls_6595b64144ccf1df_6.0.19041.3636_none_60b6a03d71f818d5\COMCTL32.dll
0x00007ff923b10000 - 0x00007ff923b3b000 	C:\Windows\System32\GDI32.dll
0x00007ff924c70000 - 0x00007ff924d0e000 	C:\Windows\System32\msvcrt.dll
0x00007ff9236a0000 - 0x00007ff9237b7000 	C:\Windows\System32\gdi32full.dll
0x00007ff9237c0000 - 0x00007ff92385d000 	C:\Windows\System32\msvcp_win.dll
0x00007ff923fe0000 - 0x00007ff924012000 	C:\Windows\System32\IMM32.DLL
0x00007ff91eb40000 - 0x00007ff91eb4c000 	C:\Users\DELL\.jdks\corretto-17.0.9\bin\vcruntime140_1.dll
0x00007ff911ee0000 - 0x00007ff911f6d000 	C:\Users\DELL\.jdks\corretto-17.0.9\bin\msvcp140.dll
0x00007ff900fa0000 - 0x00007ff901c01000 	C:\Users\DELL\.jdks\corretto-17.0.9\bin\server\jvm.dll
0x00007ff923860000 - 0x00007ff923910000 	C:\Windows\System32\ADVAPI32.dll
0x00007ff924e10000 - 0x00007ff924eb0000 	C:\Windows\System32\sechost.dll
0x00007ff923920000 - 0x00007ff923a45000 	C:\Windows\System32\RPCRT4.dll
0x00007ff923420000 - 0x00007ff923447000 	C:\Windows\System32\bcrypt.dll
0x00007ff9223f0000 - 0x00007ff92243b000 	C:\Windows\SYSTEM32\POWRPROF.dll
0x00007ff910d60000 - 0x00007ff910d69000 	C:\Windows\SYSTEM32\WSOCK32.dll
0x00007ff91c920000 - 0x00007ff91c947000 	C:\Windows\SYSTEM32\WINMM.dll
0x00007ff924d10000 - 0x00007ff924d7b000 	C:\Windows\System32\WS2_32.dll
0x00007ff91d990000 - 0x00007ff91d99a000 	C:\Windows\SYSTEM32\VERSION.dll
0x00007ff9222b0000 - 0x00007ff9222c2000 	C:\Windows\SYSTEM32\UMPDC.dll
0x00007ff920d70000 - 0x00007ff920d82000 	C:\Windows\SYSTEM32\kernel.appcore.dll
0x00007ff91e990000 - 0x00007ff91e99a000 	C:\Users\DELL\.jdks\corretto-17.0.9\bin\jimage.dll
0x00007ff9099f0000 - 0x00007ff909bd4000 	C:\Windows\SYSTEM32\DBGHELP.DLL
0x00007ff9099a0000 - 0x00007ff9099d4000 	C:\Windows\SYSTEM32\dbgcore.DLL
0x00007ff9235c0000 - 0x00007ff923642000 	C:\Windows\System32\bcryptPrimitives.dll
0x00007ff91e8d0000 - 0x00007ff91e8de000 	C:\Users\DELL\.jdks\corretto-17.0.9\bin\instrument.dll
0x00007ff91e950000 - 0x00007ff91e975000 	C:\Users\DELL\.jdks\corretto-17.0.9\bin\java.dll

dbghelp: loaded successfully - version: 4.0.5 - missing functions: none
symbol engine: initialized successfully - sym options: 0x614 - pdb path: .;C:\Users\DELL\.jdks\corretto-17.0.9\bin;C:\Windows\SYSTEM32;C:\Windows\WinSxS\amd64_microsoft.windows.common-controls_6595b64144ccf1df_6.0.19041.3636_none_60b6a03d71f818d5;C:\Users\DELL\.jdks\corretto-17.0.9\bin\server

VM Arguments:
jvm_args: -javaagent:E:\IntelliJ IDEA Community Edition 2023.2.5\lib\idea_rt.jar=53264:E:\IntelliJ IDEA Community Edition 2023.2.5\bin -Dfile.encoding=UTF-8 
java_command: Application
java_class_path (initial): G:\treinament\spring_java_programacao_orientacao_objetos_expert_dev_superior\desafio_modulo_11\analise_vendas_um\out\production\analise_vendas_um
Launcher Type: SUN_STANDARD

[Global flags]
     intx CICompilerCount                          = 3                                         {product} {ergonomic}
     uint ConcGCThreads                            = 1                                         {product} {ergonomic}
     uint G1ConcRefinementThreads                  = 4                                         {product} {ergonomic}
   size_t G1HeapRegionSize                         = 2097152                                   {product} {ergonomic}
    uintx GCDrainStackTargetSize                   = 64                                        {product} {ergonomic}
   size_t InitialHeapSize                          = 268435456                                 {product} {ergonomic}
   size_t MarkStackSize                            = 4194304                                   {product} {ergonomic}
   size_t MaxHeapSize                              = 4284481536                                {product} {ergonomic}
   size_t MinHeapDeltaBytes                        = 2097152                                   {product} {ergonomic}
   size_t MinHeapSize                              = 8388608                                   {product} {ergonomic}
    uintx NonNMethodCodeHeapSize                   = 5832780                                {pd product} {ergonomic}
    uintx NonProfiledCodeHeapSize                  = 122912730                              {pd product} {ergonomic}
    uintx ProfiledCodeHeapSize                     = 122912730                              {pd product} {ergonomic}
    uintx ReservedCodeCacheSize                    = 251658240                              {pd product} {ergonomic}
     bool SegmentedCodeCache                       = true                                      {product} {ergonomic}
   size_t SoftMaxHeapSize                          = 4284481536                             {manageable} {ergonomic}
     bool UseCompressedClassPointers               = true                           {product lp64_product} {ergonomic}
     bool UseCompressedOops                        = true                           {product lp64_product} {ergonomic}
     bool UseG1GC                                  = true                                      {product} {ergonomic}
     bool UseLargePagesIndividualAllocation        = false                                  {pd product} {ergonomic}

Logging:
Log output configuration:
 #0: stdout all=warning uptime,level,tags
 #1: stderr all=off uptime,level,tags

Environment Variables:
JAVA_HOME=C:\Program Files\Java\jdk-20.0.1\bin
PATH=C:\Windows\system32;C:\Windows;C:\Windows\System32\Wbem;C:\Windows\System32\WindowsPowerShell\v1.0\;C:\Windows\System32\OpenSSH\;C:\Program Files\Git\cmd;C:\Program Files\Docker\Docker\resources\bin;C:\ProgramData\chocolatey\bin;C:\Program Files\PuTTY\;C:\HashiCorp\Vagrant\bin;C:\xampp\php;C:\Program Files\Java\jdk-20.0.1\bin;C:\src\flutter\bin;E:\apache-maven-3.9.3\bin;E:\;C:\Users\DELL\AppData\Local\Programs\Python\Python311\Scripts\;C:\Users\DELL\AppData\Local\Programs\Python\Python311\;C:\Users\DELL\AppData\Local\Microsoft\WindowsApps;;C:\Users\DELL\AppData\Local\Programs\Microsoft VS Code\bin;E:\IntelliJ IDEA Community Edition 2023.2.5\bin;;C:\Program Files\JetBrains\PyCharm Community Edition 2023.1.2\bin;;C:\Users\DELL\AppData\Roaming\npm
USERNAME=DELL
OS=Windows_NT
PROCESSOR_IDENTIFIER=Intel64 Family 6 Model 58 Stepping 9, GenuineIntel
TMP=C:\Users\DELL\AppData\Local\Temp
TEMP=C:\Users\DELL\AppData\Local\Temp



Periodic native trim disabled


---------------  S Y S T E M  ---------------

OS:
 Windows 10 , 64 bit Build 19041 (10.0.19041.3636)
OS uptime: 0 days 2:13 hours
Hyper-V role detected

CPU: total 4 (initial active 4) (4 cores per cpu, 1 threads per core) family 6 model 58 stepping 9 microcode 0x21, cx8, cmov, fxsr, mmx, sse, sse2, sse3, ssse3, sse4.1, sse4.2, popcnt, tsc, tscinvbit, avx, aes, erms, clmul, vzeroupper, clflush, hv
Processor Information for all 4 processors :
  Max Mhz: 3401, Current Mhz: 3401, Mhz Limit: 3401

Memory: 4k page, system-wide physical 16338M (3203M free)
TotalPageFile size 43986M (AvailPageFile size 187M)
current process WorkingSet (physical memory assigned to process): 10M, peak: 10M
current process commit charge ("private bytes"): 52M, peak: 308M

vm_info: OpenJDK 64-Bit Server VM (17.0.9+8-LTS) for windows-amd64 JRE (17.0.9+8-LTS), built on Oct 12 2023 16:15:33 by "Administrator" with MS VC++ 16.10 / 16.11 (VS2019)

END.
